2020-08-2516:12:24.221[main]INFO o.s.b.t.context.SpringBootTestContextBootstrapper-Neither @ContextConfiguration nor @ContextHierarchy found for test class [com.example.product.service.impl.PorductInfoServiceServiceimplTest], using SpringBootContextLoader
2020-08-2516:12:24.231[main]INFO o.s.test.context.support.AbstractContextLoader-Could not detect default resource locations for test class [com.example.product.service.impl.PorductInfoServiceServiceimplTest]: no resource found for suffixes {-context.xml, Context.groovy}.
2020-08-2516:12:24.233[main]INFO o.s.t.c.support.AnnotationConfigContextLoaderUtils-Could not detect default configuration classes for test class [com.example.product.service.impl.PorductInfoServiceServiceimplTest]: PorductInfoServiceServiceimplTest does not declare any static, non-private, non-final, nested classes annotated with @Configuration.
2020-08-2516:12:24.482[main]INFO o.s.b.t.context.SpringBootTestContextBootstrapper-Found @SpringBootConfiguration com.example.product.ProductApplication for test class com.example.product.service.impl.PorductInfoServiceServiceimplTest
2020-08-2516:12:24.757[main]INFO o.s.b.t.context.SpringBootTestContextBootstrapper-Loaded default TestExecutionListener class names from location [META-INF/spring.factories]: [org.springframework.boot.test.mock.mockito.MockitoTestExecutionListener, org.springframework.boot.test.mock.mockito.ResetMocksTestExecutionListener, org.springframework.boot.test.autoconfigure.restdocs.RestDocsTestExecutionListener, org.springframework.boot.test.autoconfigure.web.client.MockRestServiceServerResetTestExecutionListener, org.springframework.boot.test.autoconfigure.web.servlet.MockMvcPrintOnlyOnFailureTestExecutionListener, org.springframework.boot.test.autoconfigure.web.servlet.WebDriverTestExecutionListener, org.springframework.test.context.web.ServletTestExecutionListener, org.springframework.test.context.support.DirtiesContextBeforeModesTestExecutionListener, org.springframework.test.context.support.DependencyInjectionTestExecutionListener, org.springframework.test.context.support.DirtiesContextTestExecutionListener, org.springframework.test.context.transaction.TransactionalTestExecutionListener, org.springframework.test.context.jdbc.SqlScriptsTestExecutionListener]
2020-08-2516:12:24.775[main]INFO o.s.b.t.context.SpringBootTestContextBootstrapper-Using TestExecutionListeners: [org.springframework.test.context.web.ServletTestExecutionListener@4a7f959b, org.springframework.test.context.support.DirtiesContextBeforeModesTestExecutionListener@429bffaa, org.springframework.boot.test.mock.mockito.MockitoTestExecutionListener@5403f35f, org.springframework.boot.test.autoconfigure.SpringBootDependencyInjectionTestExecutionListener@483f6d77, org.springframework.test.context.support.DirtiesContextTestExecutionListener@7e5afaa6, org.springframework.test.context.transaction.TransactionalTestExecutionListener@63a12c68, org.springframework.test.context.jdbc.SqlScriptsTestExecutionListener@28f3b248, org.springframework.boot.test.mock.mockito.ResetMocksTestExecutionListener@1b1426f4, org.springframework.boot.test.autoconfigure.restdocs.RestDocsTestExecutionListener@32b260fa, org.springframework.boot.test.autoconfigure.web.client.MockRestServiceServerResetTestExecutionListener@581ac8a8, org.springframework.boot.test.autoconfigure.web.servlet.MockMvcPrintOnlyOnFailureTestExecutionListener@6d4e5011, org.springframework.boot.test.autoconfigure.web.servlet.WebDriverTestExecutionListener@57d7f8ca]
2020-08-2516:12:25.947[main]INFO c.e.p.s.impl.PorductInfoServiceServiceimplTest-No active profile set, falling back to default profiles: default
2020-08-2516:12:26.473[main]INFO o.s.d.r.config.RepositoryConfigurationDelegate-Bootstrapping Spring Data JPA repositories in DEFAULT mode.
2020-08-2516:12:26.557[main]INFO o.s.d.r.config.RepositoryConfigurationDelegate-Finished Spring Data repository scanning in 75ms. Found 2 JPA repository interfaces.
2020-08-2516:12:26.851[main]INFO o.springframework.cloud.context.scope.GenericScope-BeanFactory id=0fe8c4cd-fab9-35fe-8091-d5f65bfbcd6c
2020-08-2516:12:27.490[main]INFO com.zaxxer.hikari.HikariDataSource-HikariPool-1 - Starting...
2020-08-2516:12:27.726[main]INFO com.zaxxer.hikari.HikariDataSource-HikariPool-1 - Start completed.
2020-08-2516:12:27.896[main]INFO org.hibernate.jpa.internal.util.LogHelper-HHH000204: Processing PersistenceUnitInfo [
	name: default
	...]
2020-08-2516:12:27.989[main]INFO org.hibernate.Version-HHH000412: Hibernate Core {5.3.17.Final}
2020-08-2516:12:27.991[main]INFO org.hibernate.cfg.Environment-HHH000206: hibernate.properties not found
2020-08-2516:12:28.130[main]INFO org.hibernate.annotations.common.Version-HCANN000001: Hibernate Commons Annotations {5.0.4.Final}
2020-08-2516:12:28.356[main]INFO org.hibernate.dialect.Dialect-HHH000400: Using dialect: org.hibernate.dialect.MySQL5Dialect
2020-08-2516:12:28.898[main]INFO o.s.orm.jpa.LocalContainerEntityManagerFactoryBean-Initialized JPA EntityManagerFactory for persistence unit 'default'
2020-08-2516:12:29.540[main]WARN com.netflix.config.sources.URLConfigurationSource-No URLs will be polled as dynamic configuration sources.
2020-08-2516:12:29.541[main]INFO com.netflix.config.sources.URLConfigurationSource-To enable URLs as dynamic configuration sources, define System property archaius.configurationSource.additionalUrls or make config.properties available on classpath.
2020-08-2516:12:29.547[main]WARN com.netflix.config.sources.URLConfigurationSource-No URLs will be polled as dynamic configuration sources.
2020-08-2516:12:29.547[main]INFO com.netflix.config.sources.URLConfigurationSource-To enable URLs as dynamic configuration sources, define System property archaius.configurationSource.additionalUrls or make config.properties available on classpath.
2020-08-2516:12:29.978[main]INFO o.s.scheduling.concurrent.ThreadPoolTaskExecutor-Initializing ExecutorService 'applicationTaskExecutor'
2020-08-2516:12:30.049[main]WARN o.s.b.a.o.j.JpaBaseConfiguration$JpaWebConfiguration$JpaWebMvcConfiguration-spring.jpa.open-in-view is enabled by default. Therefore, database queries may be performed during view rendering. Explicitly configure spring.jpa.open-in-view to disable this warning
2020-08-2516:12:31.376[main]INFO c.e.p.s.impl.PorductInfoServiceServiceimplTest-Started PorductInfoServiceServiceimplTest in 6.513 seconds (JVM running for 8.001)
2020-08-2516:12:31.480[main]INFO o.h.hql.internal.QueryTranslatorFactoryInitiator-HHH000397: Using ASTQueryTranslatorFactory
2020-08-2516:12:31.599[main]DEBUGorg.hibernate.SQL-select productinf0_.product_id as product_1_1_, productinf0_.category_type as category2_1_, productinf0_.create_time as create_t3_1_, productinf0_.product_description as product_4_1_, productinf0_.product_icon as product_5_1_, productinf0_.product_name as product_6_1_, productinf0_.product_price as product_7_1_, productinf0_.product_status as product_8_1_, productinf0_.product_stock as product_9_1_, productinf0_.update_time as update_10_1_ from product_info productinf0_ where productinf0_.product_id in (?)
2020-08-2516:12:31.618[main]TRACEorg.hibernate.type.descriptor.sql.BasicBinder-binding parameter [1] as [VARCHAR] - [164103465734242707]
2020-08-2516:12:31.654[Thread-6]INFO o.s.cloud.netflix.eureka.InstanceInfoFactory-Setting initial instance status as: STARTING
2020-08-2516:12:31.657[Thread-6]INFO o.s.c.n.e.serviceregistry.EurekaServiceRegistry-Unregistering application PRODUCT-CLIENT with eureka with status DOWN
2020-08-2516:12:31.660[Thread-6]INFO o.s.scheduling.concurrent.ThreadPoolTaskExecutor-Shutting down ExecutorService 'applicationTaskExecutor'
2020-08-2516:12:31.661[Thread-6]INFO o.s.orm.jpa.LocalContainerEntityManagerFactoryBean-Closing JPA EntityManagerFactory for persistence unit 'default'
2020-08-2516:12:31.666[Thread-6]INFO com.zaxxer.hikari.HikariDataSource-HikariPool-1 - Shutdown initiated...
2020-08-2516:12:31.678[Thread-6]INFO com.zaxxer.hikari.HikariDataSource-HikariPool-1 - Shutdown completed.
2020-08-2518:03:08.727[main]INFO o.s.b.t.context.SpringBootTestContextBootstrapper-Neither @ContextConfiguration nor @ContextHierarchy found for test class [com.example.product.service.impl.PorductInfoServiceServiceimplTest], using SpringBootContextLoader
2020-08-2518:03:08.733[main]INFO o.s.test.context.support.AbstractContextLoader-Could not detect default resource locations for test class [com.example.product.service.impl.PorductInfoServiceServiceimplTest]: no resource found for suffixes {-context.xml, Context.groovy}.
2020-08-2518:03:08.733[main]INFO o.s.t.c.support.AnnotationConfigContextLoaderUtils-Could not detect default configuration classes for test class [com.example.product.service.impl.PorductInfoServiceServiceimplTest]: PorductInfoServiceServiceimplTest does not declare any static, non-private, non-final, nested classes annotated with @Configuration.
2020-08-2518:03:08.935[main]INFO o.s.b.t.context.SpringBootTestContextBootstrapper-Found @SpringBootConfiguration com.example.product.ProductApplication for test class com.example.product.service.impl.PorductInfoServiceServiceimplTest
2020-08-2518:03:09.112[main]INFO o.s.b.t.context.SpringBootTestContextBootstrapper-Loaded default TestExecutionListener class names from location [META-INF/spring.factories]: [org.springframework.boot.test.mock.mockito.MockitoTestExecutionListener, org.springframework.boot.test.mock.mockito.ResetMocksTestExecutionListener, org.springframework.boot.test.autoconfigure.restdocs.RestDocsTestExecutionListener, org.springframework.boot.test.autoconfigure.web.client.MockRestServiceServerResetTestExecutionListener, org.springframework.boot.test.autoconfigure.web.servlet.MockMvcPrintOnlyOnFailureTestExecutionListener, org.springframework.boot.test.autoconfigure.web.servlet.WebDriverTestExecutionListener, org.springframework.test.context.web.ServletTestExecutionListener, org.springframework.test.context.support.DirtiesContextBeforeModesTestExecutionListener, org.springframework.test.context.support.DependencyInjectionTestExecutionListener, org.springframework.test.context.support.DirtiesContextTestExecutionListener, org.springframework.test.context.transaction.TransactionalTestExecutionListener, org.springframework.test.context.jdbc.SqlScriptsTestExecutionListener]
2020-08-2518:03:09.133[main]INFO o.s.b.t.context.SpringBootTestContextBootstrapper-Using TestExecutionListeners: [org.springframework.test.context.web.ServletTestExecutionListener@429bffaa, org.springframework.test.context.support.DirtiesContextBeforeModesTestExecutionListener@5403f35f, org.springframework.boot.test.mock.mockito.MockitoTestExecutionListener@483f6d77, org.springframework.boot.test.autoconfigure.SpringBootDependencyInjectionTestExecutionListener@7e5afaa6, org.springframework.test.context.support.DirtiesContextTestExecutionListener@63a12c68, org.springframework.test.context.transaction.TransactionalTestExecutionListener@28f3b248, org.springframework.test.context.jdbc.SqlScriptsTestExecutionListener@1b1426f4, org.springframework.boot.test.mock.mockito.ResetMocksTestExecutionListener@32b260fa, org.springframework.boot.test.autoconfigure.restdocs.RestDocsTestExecutionListener@581ac8a8, org.springframework.boot.test.autoconfigure.web.client.MockRestServiceServerResetTestExecutionListener@6d4e5011, org.springframework.boot.test.autoconfigure.web.servlet.MockMvcPrintOnlyOnFailureTestExecutionListener@57d7f8ca, org.springframework.boot.test.autoconfigure.web.servlet.WebDriverTestExecutionListener@76c3e77a]
2020-08-2518:03:10.615[main]INFO c.e.p.s.impl.PorductInfoServiceServiceimplTest-No active profile set, falling back to default profiles: default
2020-08-2518:03:11.130[main]INFO o.s.d.r.config.RepositoryConfigurationDelegate-Bootstrapping Spring Data JPA repositories in DEFAULT mode.
2020-08-2518:03:11.208[main]INFO o.s.d.r.config.RepositoryConfigurationDelegate-Finished Spring Data repository scanning in 70ms. Found 2 JPA repository interfaces.
2020-08-2518:03:11.512[main]INFO o.springframework.cloud.context.scope.GenericScope-BeanFactory id=0fe8c4cd-fab9-35fe-8091-d5f65bfbcd6c
2020-08-2518:03:11.953[main]INFO com.zaxxer.hikari.HikariDataSource-HikariPool-1 - Starting...
2020-08-2518:03:12.113[main]INFO com.zaxxer.hikari.HikariDataSource-HikariPool-1 - Start completed.
2020-08-2518:03:12.193[main]INFO org.hibernate.jpa.internal.util.LogHelper-HHH000204: Processing PersistenceUnitInfo [
	name: default
	...]
2020-08-2518:03:12.283[main]INFO org.hibernate.Version-HHH000412: Hibernate Core {5.3.17.Final}
2020-08-2518:03:12.284[main]INFO org.hibernate.cfg.Environment-HHH000206: hibernate.properties not found
2020-08-2518:03:12.416[main]INFO org.hibernate.annotations.common.Version-HCANN000001: Hibernate Commons Annotations {5.0.4.Final}
2020-08-2518:03:12.662[main]INFO org.hibernate.dialect.Dialect-HHH000400: Using dialect: org.hibernate.dialect.MySQL5Dialect
2020-08-2518:03:13.203[main]INFO o.s.orm.jpa.LocalContainerEntityManagerFactoryBean-Initialized JPA EntityManagerFactory for persistence unit 'default'
2020-08-2518:03:13.897[main]WARN com.netflix.config.sources.URLConfigurationSource-No URLs will be polled as dynamic configuration sources.
2020-08-2518:03:13.898[main]INFO com.netflix.config.sources.URLConfigurationSource-To enable URLs as dynamic configuration sources, define System property archaius.configurationSource.additionalUrls or make config.properties available on classpath.
2020-08-2518:03:13.904[main]WARN com.netflix.config.sources.URLConfigurationSource-No URLs will be polled as dynamic configuration sources.
2020-08-2518:03:13.904[main]INFO com.netflix.config.sources.URLConfigurationSource-To enable URLs as dynamic configuration sources, define System property archaius.configurationSource.additionalUrls or make config.properties available on classpath.
2020-08-2518:03:14.401[main]INFO o.s.scheduling.concurrent.ThreadPoolTaskExecutor-Initializing ExecutorService 'applicationTaskExecutor'
2020-08-2518:03:14.466[main]WARN o.s.b.a.o.j.JpaBaseConfiguration$JpaWebConfiguration$JpaWebMvcConfiguration-spring.jpa.open-in-view is enabled by default. Therefore, database queries may be performed during view rendering. Explicitly configure spring.jpa.open-in-view to disable this warning
2020-08-2518:03:15.484[main]INFO c.e.p.s.impl.PorductInfoServiceServiceimplTest-Started PorductInfoServiceServiceimplTest in 6.281 seconds (JVM running for 7.477)
2020-08-2518:03:15.565[main]DEBUGorg.hibernate.SQL-select productinf0_.product_id as product_1_1_0_, productinf0_.category_type as category2_1_0_, productinf0_.create_time as create_t3_1_0_, productinf0_.product_description as product_4_1_0_, productinf0_.product_icon as product_5_1_0_, productinf0_.product_name as product_6_1_0_, productinf0_.product_price as product_7_1_0_, productinf0_.product_status as product_8_1_0_, productinf0_.product_stock as product_9_1_0_, productinf0_.update_time as update_10_1_0_ from product_info productinf0_ where productinf0_.product_id=?
2020-08-2518:03:15.585[main]TRACEorg.hibernate.type.descriptor.sql.BasicBinder-binding parameter [1] as [VARCHAR] - [164103465734242707]
2020-08-2518:03:15.609[main]DEBUGorg.hibernate.SQL-select productinf0_.product_id as product_1_1_0_, productinf0_.category_type as category2_1_0_, productinf0_.create_time as create_t3_1_0_, productinf0_.product_description as product_4_1_0_, productinf0_.product_icon as product_5_1_0_, productinf0_.product_name as product_6_1_0_, productinf0_.product_price as product_7_1_0_, productinf0_.product_status as product_8_1_0_, productinf0_.product_stock as product_9_1_0_, productinf0_.update_time as update_10_1_0_ from product_info productinf0_ where productinf0_.product_id=?
2020-08-2518:03:15.610[main]TRACEorg.hibernate.type.descriptor.sql.BasicBinder-binding parameter [1] as [VARCHAR] - [164103465734242707]
2020-08-2518:03:15.623[main]DEBUGorg.hibernate.SQL-update product_info set category_type=?, create_time=?, product_description=?, product_icon=?, product_name=?, product_price=?, product_status=?, product_stock=?, update_time=? where product_id=?
2020-08-2518:03:15.624[main]TRACEorg.hibernate.type.descriptor.sql.BasicBinder-binding parameter [1] as [INTEGER] - [1]
2020-08-2518:03:15.624[main]TRACEorg.hibernate.type.descriptor.sql.BasicBinder-binding parameter [2] as [TIMESTAMP] - [2017-03-31 06:11:56.0]
2020-08-2518:03:15.626[main]TRACEorg.hibernate.type.descriptor.sql.BasicBinder-binding parameter [3] as [VARCHAR] - [好吃]
2020-08-2518:03:15.626[main]TRACEorg.hibernate.type.descriptor.sql.BasicBinder-binding parameter [4] as [VARCHAR] - [//fuss10.elemecdn.com/7/4a/f307f56216b03f067155aec8b124ejpeg.jpeg]
2020-08-2518:03:15.626[main]TRACEorg.hibernate.type.descriptor.sql.BasicBinder-binding parameter [5] as [VARCHAR] - [蜜汁鸡翅]
2020-08-2518:03:15.627[main]TRACEorg.hibernate.type.descriptor.sql.BasicBinder-binding parameter [6] as [NUMERIC] - [0.02]
2020-08-2518:03:15.627[main]TRACEorg.hibernate.type.descriptor.sql.BasicBinder-binding parameter [7] as [INTEGER] - [0]
2020-08-2518:03:15.627[main]TRACEorg.hibernate.type.descriptor.sql.BasicBinder-binding parameter [8] as [INTEGER] - [980]
2020-08-2518:03:15.627[main]TRACEorg.hibernate.type.descriptor.sql.BasicBinder-binding parameter [9] as [TIMESTAMP] - [2017-06-25 08:20:54.0]
2020-08-2518:03:15.628[main]TRACEorg.hibernate.type.descriptor.sql.BasicBinder-binding parameter [10] as [VARCHAR] - [164103465734242707]
2020-08-2518:03:15.640[main]DEBUGorg.hibernate.SQL-select productinf0_.product_id as product_1_1_0_, productinf0_.category_type as category2_1_0_, productinf0_.create_time as create_t3_1_0_, productinf0_.product_description as product_4_1_0_, productinf0_.product_icon as product_5_1_0_, productinf0_.product_name as product_6_1_0_, productinf0_.product_price as product_7_1_0_, productinf0_.product_status as product_8_1_0_, productinf0_.product_stock as product_9_1_0_, productinf0_.update_time as update_10_1_0_ from product_info productinf0_ where productinf0_.product_id=?
2020-08-2518:03:15.640[main]TRACEorg.hibernate.type.descriptor.sql.BasicBinder-binding parameter [1] as [VARCHAR] - [157875196366160022]
2020-08-2518:03:15.643[main]DEBUGorg.hibernate.SQL-select productinf0_.product_id as product_1_1_0_, productinf0_.category_type as category2_1_0_, productinf0_.create_time as create_t3_1_0_, productinf0_.product_description as product_4_1_0_, productinf0_.product_icon as product_5_1_0_, productinf0_.product_name as product_6_1_0_, productinf0_.product_price as product_7_1_0_, productinf0_.product_status as product_8_1_0_, productinf0_.product_stock as product_9_1_0_, productinf0_.update_time as update_10_1_0_ from product_info productinf0_ where productinf0_.product_id=?
2020-08-2518:03:15.643[main]TRACEorg.hibernate.type.descriptor.sql.BasicBinder-binding parameter [1] as [VARCHAR] - [157875196366160022]
2020-08-2518:03:15.645[main]DEBUGorg.hibernate.SQL-update product_info set category_type=?, create_time=?, product_description=?, product_icon=?, product_name=?, product_price=?, product_status=?, product_stock=?, update_time=? where product_id=?
2020-08-2518:03:15.647[main]TRACEorg.hibernate.type.descriptor.sql.BasicBinder-binding parameter [1] as [INTEGER] - [1]
2020-08-2518:03:15.647[main]TRACEorg.hibernate.type.descriptor.sql.BasicBinder-binding parameter [2] as [TIMESTAMP] - [2017-03-29 08:39:15.0]
2020-08-2518:03:15.647[main]TRACEorg.hibernate.type.descriptor.sql.BasicBinder-binding parameter [3] as [VARCHAR] - [好吃的皮蛋粥]
2020-08-2518:03:15.647[main]TRACEorg.hibernate.type.descriptor.sql.BasicBinder-binding parameter [4] as [VARCHAR] - [//fuss10.elemecdn.com/0/49/65d10ef215d3c770ebb2b5ea962a7jpeg.jpeg]
2020-08-2518:03:15.647[main]TRACEorg.hibernate.type.descriptor.sql.BasicBinder-binding parameter [5] as [VARCHAR] - [皮蛋粥]
2020-08-2518:03:15.647[main]TRACEorg.hibernate.type.descriptor.sql.BasicBinder-binding parameter [6] as [NUMERIC] - [0.01]
2020-08-2518:03:15.647[main]TRACEorg.hibernate.type.descriptor.sql.BasicBinder-binding parameter [7] as [INTEGER] - [0]
2020-08-2518:03:15.648[main]TRACEorg.hibernate.type.descriptor.sql.BasicBinder-binding parameter [8] as [INTEGER] - [35]
2020-08-2518:03:15.648[main]TRACEorg.hibernate.type.descriptor.sql.BasicBinder-binding parameter [9] as [TIMESTAMP] - [2017-07-03 00:45:44.0]
2020-08-2518:03:15.648[main]TRACEorg.hibernate.type.descriptor.sql.BasicBinder-binding parameter [10] as [VARCHAR] - [157875196366160022]
2020-08-2518:03:15.663[Thread-6]INFO o.s.cloud.netflix.eureka.InstanceInfoFactory-Setting initial instance status as: STARTING
2020-08-2518:03:15.665[Thread-6]INFO o.s.c.n.e.serviceregistry.EurekaServiceRegistry-Unregistering application PRODUCT-CLIENT with eureka with status DOWN
2020-08-2518:03:15.668[Thread-6]INFO o.s.scheduling.concurrent.ThreadPoolTaskExecutor-Shutting down ExecutorService 'applicationTaskExecutor'
2020-08-2518:03:15.670[Thread-6]INFO o.s.orm.jpa.LocalContainerEntityManagerFactoryBean-Closing JPA EntityManagerFactory for persistence unit 'default'
2020-08-2518:03:15.673[Thread-6]INFO com.zaxxer.hikari.HikariDataSource-HikariPool-1 - Shutdown initiated...
2020-08-2518:03:15.683[Thread-6]INFO com.zaxxer.hikari.HikariDataSource-HikariPool-1 - Shutdown completed.
