2020-08-2614:26:25.001[main]INFO o.s.b.t.context.SpringBootTestContextBootstrapper-Neither @ContextConfiguration nor @ContextHierarchy found for test class [com.ldh.product.service.impl.PorductInfoServiceServiceimplTest], using SpringBootContextLoader
2020-08-2614:26:25.008[main]INFO o.s.test.context.support.AbstractContextLoader-Could not detect default resource locations for test class [com.ldh.product.service.impl.PorductInfoServiceServiceimplTest]: no resource found for suffixes {-context.xml, Context.groovy}.
2020-08-2614:26:25.009[main]INFO o.s.t.c.support.AnnotationConfigContextLoaderUtils-Could not detect default configuration classes for test class [com.ldh.product.service.impl.PorductInfoServiceServiceimplTest]: PorductInfoServiceServiceimplTest does not declare any static, non-private, non-final, nested classes annotated with @Configuration.
2020-08-2614:26:25.198[main]INFO o.s.b.t.context.SpringBootTestContextBootstrapper-Found @SpringBootConfiguration com.ldh.product.ProductApplication for test class com.ldh.product.service.impl.PorductInfoServiceServiceimplTest
2020-08-2614:26:25.385[main]INFO o.s.b.t.context.SpringBootTestContextBootstrapper-Loaded default TestExecutionListener class names from location [META-INF/spring.factories]: [org.springframework.boot.test.mock.mockito.MockitoTestExecutionListener, org.springframework.boot.test.mock.mockito.ResetMocksTestExecutionListener, org.springframework.boot.test.autoconfigure.restdocs.RestDocsTestExecutionListener, org.springframework.boot.test.autoconfigure.web.client.MockRestServiceServerResetTestExecutionListener, org.springframework.boot.test.autoconfigure.web.servlet.MockMvcPrintOnlyOnFailureTestExecutionListener, org.springframework.boot.test.autoconfigure.web.servlet.WebDriverTestExecutionListener, org.springframework.boot.test.autoconfigure.webservices.client.MockWebServiceServerTestExecutionListener, org.springframework.test.context.web.ServletTestExecutionListener, org.springframework.test.context.support.DirtiesContextBeforeModesTestExecutionListener, org.springframework.test.context.support.DependencyInjectionTestExecutionListener, org.springframework.test.context.support.DirtiesContextTestExecutionListener, org.springframework.test.context.transaction.TransactionalTestExecutionListener, org.springframework.test.context.jdbc.SqlScriptsTestExecutionListener, org.springframework.test.context.event.EventPublishingTestExecutionListener]
2020-08-2614:26:25.414[main]INFO o.s.b.t.context.SpringBootTestContextBootstrapper-Using TestExecutionListeners: [org.springframework.test.context.web.ServletTestExecutionListener@1b45c0e, org.springframework.test.context.support.DirtiesContextBeforeModesTestExecutionListener@11f0a5a1, org.springframework.boot.test.mock.mockito.MockitoTestExecutionListener@10f7f7de, org.springframework.boot.test.autoconfigure.SpringBootDependencyInjectionTestExecutionListener@73a8da0f, org.springframework.test.context.support.DirtiesContextTestExecutionListener@50dfbc58, org.springframework.test.context.transaction.TransactionalTestExecutionListener@4416d64f, org.springframework.test.context.jdbc.SqlScriptsTestExecutionListener@6bf08014, org.springframework.test.context.event.EventPublishingTestExecutionListener@5e3d57c7, org.springframework.boot.test.mock.mockito.ResetMocksTestExecutionListener@732d0d24, org.springframework.boot.test.autoconfigure.restdocs.RestDocsTestExecutionListener@1fb19a0, org.springframework.boot.test.autoconfigure.web.client.MockRestServiceServerResetTestExecutionListener@6ee4d9ab, org.springframework.boot.test.autoconfigure.web.servlet.MockMvcPrintOnlyOnFailureTestExecutionListener@5a5338df, org.springframework.boot.test.autoconfigure.web.servlet.WebDriverTestExecutionListener@418c5a9c, org.springframework.boot.test.autoconfigure.webservices.client.MockWebServiceServerTestExecutionListener@18e36d14]
2020-08-2614:26:25.842[background-preinit]INFO org.hibernate.validator.internal.util.Version-HV000001: Hibernate Validator 6.1.5.Final
2020-08-2614:26:26.495[main]INFO c.l.p.s.impl.PorductInfoServiceServiceimplTest-No active profile set, falling back to default profiles: default
2020-08-2614:26:27.091[main]INFO o.s.d.r.config.RepositoryConfigurationDelegate-Bootstrapping Spring Data JPA repositories in DEFERRED mode.
2020-08-2614:26:27.262[main]INFO o.s.d.r.config.RepositoryConfigurationDelegate-Finished Spring Data repository scanning in 164ms. Found 2 JPA repository interfaces.
2020-08-2614:26:27.545[main]INFO o.springframework.cloud.context.scope.GenericScope-BeanFactory id=503dc484-ebc3-3c31-a6e8-798176463a9f
2020-08-2614:26:27.886[main]INFO o.s.scheduling.concurrent.ThreadPoolTaskExecutor-Initializing ExecutorService 'applicationTaskExecutor'
2020-08-2614:26:27.902[main]INFO com.zaxxer.hikari.HikariDataSource-HikariPool-1 - Starting...
2020-08-2614:26:28.052[main]INFO com.zaxxer.hikari.HikariDataSource-HikariPool-1 - Start completed.
2020-08-2614:26:28.107[task-1]INFO org.hibernate.jpa.internal.util.LogHelper-HHH000204: Processing PersistenceUnitInfo [name: default]
2020-08-2614:26:28.172[task-1]INFO org.hibernate.Version-HHH000412: Hibernate ORM core version 5.4.20.Final
2020-08-2614:26:28.358[task-1]INFO org.hibernate.annotations.common.Version-HCANN000001: Hibernate Commons Annotations {5.1.0.Final}
2020-08-2614:26:28.385[main]WARN com.netflix.config.sources.URLConfigurationSource-No URLs will be polled as dynamic configuration sources.
2020-08-2614:26:28.385[main]INFO com.netflix.config.sources.URLConfigurationSource-To enable URLs as dynamic configuration sources, define System property archaius.configurationSource.additionalUrls or make config.properties available on classpath.
2020-08-2614:26:28.393[main]WARN com.netflix.config.sources.URLConfigurationSource-No URLs will be polled as dynamic configuration sources.
2020-08-2614:26:28.394[main]INFO com.netflix.config.sources.URLConfigurationSource-To enable URLs as dynamic configuration sources, define System property archaius.configurationSource.additionalUrls or make config.properties available on classpath.
2020-08-2614:26:28.517[main]WARN o.s.b.a.o.j.JpaBaseConfiguration$JpaWebConfiguration-spring.jpa.open-in-view is enabled by default. Therefore, database queries may be performed during view rendering. Explicitly configure spring.jpa.open-in-view to disable this warning
2020-08-2614:26:28.607[task-1]INFO org.hibernate.dialect.Dialect-HHH000400: Using dialect: org.hibernate.dialect.MySQL55Dialect
2020-08-2614:26:29.447[task-1]INFO o.h.e.t.jta.platform.internal.JtaPlatformInitiator-HHH000490: Using JtaPlatform implementation: [org.hibernate.engine.transaction.jta.platform.internal.NoJtaPlatform]
2020-08-2614:26:29.609[task-1]INFO o.s.orm.jpa.LocalContainerEntityManagerFactoryBean-Initialized JPA EntityManagerFactory for persistence unit 'default'
2020-08-2614:26:29.927[main]WARN o.s.c.l.c.BlockingLoadBalancerClientAutoConfiguration$BlockingLoadBalancerClientRibbonWarnLogger-You already have RibbonLoadBalancerClient on your classpath. It will be used by default. As Spring Cloud Ribbon is in maintenance mode. We recommend switching to BlockingLoadBalancerClient instead. In order to use it, set the value of `spring.cloud.loadbalancer.ribbon.enabled` to `false` or remove spring-cloud-starter-netflix-ribbon from your project.
2020-08-2614:26:30.031[main]INFO o.s.cloud.netflix.eureka.InstanceInfoFactory-Setting initial instance status as: STARTING
2020-08-2614:26:30.101[main]INFO com.netflix.discovery.DiscoveryClient-Initializing Eureka in region us-east-1
2020-08-2614:26:30.349[main]INFO c.n.discovery.provider.DiscoveryJerseyProvider-Using JSON encoding codec LegacyJacksonJson
2020-08-2614:26:30.349[main]INFO c.n.discovery.provider.DiscoveryJerseyProvider-Using JSON decoding codec LegacyJacksonJson
2020-08-2614:26:30.485[main]INFO c.n.discovery.provider.DiscoveryJerseyProvider-Using XML encoding codec XStreamXml
2020-08-2614:26:30.486[main]INFO c.n.discovery.provider.DiscoveryJerseyProvider-Using XML decoding codec XStreamXml
2020-08-2614:26:30.657[main]INFO c.n.d.shared.resolver.aws.ConfigClusterResolver-Resolving eureka endpoints via configuration
2020-08-2614:26:30.716[main]INFO com.netflix.discovery.DiscoveryClient-Disable delta property : false
2020-08-2614:26:30.717[main]INFO com.netflix.discovery.DiscoveryClient-Single vip registry refresh property : null
2020-08-2614:26:30.717[main]INFO com.netflix.discovery.DiscoveryClient-Force full registry fetch : false
2020-08-2614:26:30.717[main]INFO com.netflix.discovery.DiscoveryClient-Application is null : false
2020-08-2614:26:30.717[main]INFO com.netflix.discovery.DiscoveryClient-Registered Applications size is zero : true
2020-08-2614:26:30.717[main]INFO com.netflix.discovery.DiscoveryClient-Application version is -1: true
2020-08-2614:26:30.717[main]INFO com.netflix.discovery.DiscoveryClient-Getting all instance registry info from the eureka server
2020-08-2614:26:30.827[main]INFO com.netflix.discovery.DiscoveryClient-The response status is 200
2020-08-2614:26:30.830[main]INFO com.netflix.discovery.DiscoveryClient-Starting heartbeat executor: renew interval is: 30
2020-08-2614:26:30.833[main]INFO com.netflix.discovery.InstanceInfoReplicator-InstanceInfoReplicator onDemand update allowed rate per min is 4
2020-08-2614:26:30.837[main]INFO com.netflix.discovery.DiscoveryClient-Discovery Client initialized at timestamp 1598423190836 with initial instances count: 0
2020-08-2614:26:30.843[main]INFO o.s.c.n.e.serviceregistry.EurekaServiceRegistry-Registering application PRODUCT with eureka with status UP
2020-08-2614:26:30.844[main]INFO com.netflix.discovery.DiscoveryClient-Saw local status change event StatusChangeEvent [timestamp=1598423190844, current=UP, previous=STARTING]
2020-08-2614:26:30.847[main]INFO o.s.d.r.c.DeferredRepositoryInitializationListener-Triggering deferred initialization of Spring Data repositories‚Ä¶
2020-08-2614:26:30.869[DiscoveryClient-InstanceInfoReplicator-0]INFO com.netflix.discovery.DiscoveryClient-DiscoveryClient_PRODUCT/DESKTOP-B4REUBC:product:8081: registering service...
2020-08-2614:26:30.985[DiscoveryClient-InstanceInfoReplicator-0]INFO com.netflix.discovery.DiscoveryClient-DiscoveryClient_PRODUCT/DESKTOP-B4REUBC:product:8081 - registration status: 204
2020-08-2614:26:31.258[main]INFO o.s.d.r.c.DeferredRepositoryInitializationListener-Spring Data repositories initialized!
2020-08-2614:26:31.265[main]INFO c.l.p.s.impl.PorductInfoServiceServiceimplTest-Started PorductInfoServiceServiceimplTest in 5.806 seconds (JVM running for 7.326)
2020-08-2614:26:31.533[main]DEBUGorg.hibernate.SQL-select productinf0_.product_id as product_1_1_, productinf0_.category_type as category2_1_, productinf0_.create_time as create_t3_1_, productinf0_.product_description as product_4_1_, productinf0_.product_icon as product_5_1_, productinf0_.product_name as product_6_1_, productinf0_.product_price as product_7_1_, productinf0_.product_status as product_8_1_, productinf0_.product_stock as product_9_1_, productinf0_.update_time as update_10_1_ from product_info productinf0_ where productinf0_.product_id in (?)
2020-08-2614:26:31.553[main]TRACEorg.hibernate.type.descriptor.sql.BasicBinder-binding parameter [1] as [VARCHAR] - [164103465734242707]
2020-08-2614:26:31.673[SpringContextShutdownHook]INFO o.s.c.n.e.serviceregistry.EurekaServiceRegistry-Unregistering application PRODUCT with eureka with status DOWN
2020-08-2614:26:31.674[SpringContextShutdownHook]WARN com.netflix.discovery.DiscoveryClient-Saw local status change event StatusChangeEvent [timestamp=1598423191674, current=DOWN, previous=UP]
2020-08-2614:26:31.674[DiscoveryClient-InstanceInfoReplicator-0]INFO com.netflix.discovery.DiscoveryClient-DiscoveryClient_PRODUCT/DESKTOP-B4REUBC:product:8081: registering service...
2020-08-2614:26:31.680[DiscoveryClient-InstanceInfoReplicator-0]INFO com.netflix.discovery.DiscoveryClient-DiscoveryClient_PRODUCT/DESKTOP-B4REUBC:product:8081 - registration status: 204
2020-08-2614:26:31.685[SpringContextShutdownHook]INFO o.s.orm.jpa.LocalContainerEntityManagerFactoryBean-Closing JPA EntityManagerFactory for persistence unit 'default'
2020-08-2614:26:31.687[SpringContextShutdownHook]INFO o.s.scheduling.concurrent.ThreadPoolTaskExecutor-Shutting down ExecutorService 'applicationTaskExecutor'
2020-08-2614:26:31.687[SpringContextShutdownHook]INFO com.zaxxer.hikari.HikariDataSource-HikariPool-1 - Shutdown initiated...
2020-08-2614:26:31.702[SpringContextShutdownHook]INFO com.zaxxer.hikari.HikariDataSource-HikariPool-1 - Shutdown completed.
2020-08-2614:26:31.702[SpringContextShutdownHook]INFO com.netflix.discovery.DiscoveryClient-Shutting down DiscoveryClient ...
2020-08-2614:26:34.709[SpringContextShutdownHook]INFO com.netflix.discovery.DiscoveryClient-Unregistering ...
2020-08-2614:26:34.736[SpringContextShutdownHook]INFO com.netflix.discovery.DiscoveryClient-DiscoveryClient_PRODUCT/DESKTOP-B4REUBC:product:8081 - deregister  status: 200
2020-08-2614:26:34.760[SpringContextShutdownHook]INFO com.netflix.discovery.DiscoveryClient-Completed shut down of DiscoveryClient
2020-08-2614:46:34.835[main]INFO o.s.b.t.context.SpringBootTestContextBootstrapper-Neither @ContextConfiguration nor @ContextHierarchy found for test class [com.ldh.product.service.impl.PorductInfoServiceServiceimplTest], using SpringBootContextLoader
2020-08-2614:46:34.843[main]INFO o.s.test.context.support.AbstractContextLoader-Could not detect default resource locations for test class [com.ldh.product.service.impl.PorductInfoServiceServiceimplTest]: no resource found for suffixes {-context.xml, Context.groovy}.
2020-08-2614:46:34.844[main]INFO o.s.t.c.support.AnnotationConfigContextLoaderUtils-Could not detect default configuration classes for test class [com.ldh.product.service.impl.PorductInfoServiceServiceimplTest]: PorductInfoServiceServiceimplTest does not declare any static, non-private, non-final, nested classes annotated with @Configuration.
2020-08-2614:46:34.962[main]INFO o.s.b.t.context.SpringBootTestContextBootstrapper-Found @SpringBootConfiguration com.ldh.product.ProductApplication for test class com.ldh.product.service.impl.PorductInfoServiceServiceimplTest
2020-08-2614:46:35.082[main]INFO o.s.b.t.context.SpringBootTestContextBootstrapper-Loaded default TestExecutionListener class names from location [META-INF/spring.factories]: [org.springframework.boot.test.mock.mockito.MockitoTestExecutionListener, org.springframework.boot.test.mock.mockito.ResetMocksTestExecutionListener, org.springframework.boot.test.autoconfigure.restdocs.RestDocsTestExecutionListener, org.springframework.boot.test.autoconfigure.web.client.MockRestServiceServerResetTestExecutionListener, org.springframework.boot.test.autoconfigure.web.servlet.MockMvcPrintOnlyOnFailureTestExecutionListener, org.springframework.boot.test.autoconfigure.web.servlet.WebDriverTestExecutionListener, org.springframework.boot.test.autoconfigure.webservices.client.MockWebServiceServerTestExecutionListener, org.springframework.test.context.web.ServletTestExecutionListener, org.springframework.test.context.support.DirtiesContextBeforeModesTestExecutionListener, org.springframework.test.context.support.DependencyInjectionTestExecutionListener, org.springframework.test.context.support.DirtiesContextTestExecutionListener, org.springframework.test.context.transaction.TransactionalTestExecutionListener, org.springframework.test.context.jdbc.SqlScriptsTestExecutionListener, org.springframework.test.context.event.EventPublishingTestExecutionListener]
2020-08-2614:46:35.099[main]INFO o.s.b.t.context.SpringBootTestContextBootstrapper-Using TestExecutionListeners: [org.springframework.test.context.web.ServletTestExecutionListener@43b9fd5, org.springframework.test.context.support.DirtiesContextBeforeModesTestExecutionListener@79dc5318, org.springframework.boot.test.mock.mockito.MockitoTestExecutionListener@8e50104, org.springframework.boot.test.autoconfigure.SpringBootDependencyInjectionTestExecutionListener@37e4d7bb, org.springframework.test.context.support.DirtiesContextTestExecutionListener@6f7923a5, org.springframework.test.context.transaction.TransactionalTestExecutionListener@74a6f9c1, org.springframework.test.context.jdbc.SqlScriptsTestExecutionListener@54eb2b70, org.springframework.test.context.event.EventPublishingTestExecutionListener@45a37759, org.springframework.boot.test.mock.mockito.ResetMocksTestExecutionListener@63611043, org.springframework.boot.test.autoconfigure.restdocs.RestDocsTestExecutionListener@20ca951f, org.springframework.boot.test.autoconfigure.web.client.MockRestServiceServerResetTestExecutionListener@2d778add, org.springframework.boot.test.autoconfigure.web.servlet.MockMvcPrintOnlyOnFailureTestExecutionListener@73302995, org.springframework.boot.test.autoconfigure.web.servlet.WebDriverTestExecutionListener@1838ccb8, org.springframework.boot.test.autoconfigure.webservices.client.MockWebServiceServerTestExecutionListener@6c2ed0cd]
2020-08-2614:46:35.451[background-preinit]INFO org.hibernate.validator.internal.util.Version-HV000001: Hibernate Validator 6.1.5.Final
2020-08-2614:46:36.131[main]INFO c.l.p.s.impl.PorductInfoServiceServiceimplTest-No active profile set, falling back to default profiles: default
2020-08-2614:46:36.650[main]INFO o.s.d.r.config.RepositoryConfigurationDelegate-Bootstrapping Spring Data JPA repositories in DEFERRED mode.
2020-08-2614:46:36.827[main]INFO o.s.d.r.config.RepositoryConfigurationDelegate-Finished Spring Data repository scanning in 169ms. Found 2 JPA repository interfaces.
2020-08-2614:46:37.146[main]INFO o.springframework.cloud.context.scope.GenericScope-BeanFactory id=503dc484-ebc3-3c31-a6e8-798176463a9f
2020-08-2614:46:37.460[main]INFO o.s.scheduling.concurrent.ThreadPoolTaskExecutor-Initializing ExecutorService 'applicationTaskExecutor'
2020-08-2614:46:37.475[main]INFO com.zaxxer.hikari.HikariDataSource-HikariPool-1 - Starting...
2020-08-2614:46:37.625[main]INFO com.zaxxer.hikari.HikariDataSource-HikariPool-1 - Start completed.
2020-08-2614:46:37.682[task-1]INFO org.hibernate.jpa.internal.util.LogHelper-HHH000204: Processing PersistenceUnitInfo [name: default]
2020-08-2614:46:37.757[task-1]INFO org.hibernate.Version-HHH000412: Hibernate ORM core version 5.4.20.Final
2020-08-2614:46:37.919[main]WARN com.netflix.config.sources.URLConfigurationSource-No URLs will be polled as dynamic configuration sources.
2020-08-2614:46:37.919[main]INFO com.netflix.config.sources.URLConfigurationSource-To enable URLs as dynamic configuration sources, define System property archaius.configurationSource.additionalUrls or make config.properties available on classpath.
2020-08-2614:46:37.928[task-1]INFO org.hibernate.annotations.common.Version-HCANN000001: Hibernate Commons Annotations {5.1.0.Final}
2020-08-2614:46:37.933[main]WARN com.netflix.config.sources.URLConfigurationSource-No URLs will be polled as dynamic configuration sources.
2020-08-2614:46:37.935[main]INFO com.netflix.config.sources.URLConfigurationSource-To enable URLs as dynamic configuration sources, define System property archaius.configurationSource.additionalUrls or make config.properties available on classpath.
2020-08-2614:46:38.070[main]WARN o.s.b.a.o.j.JpaBaseConfiguration$JpaWebConfiguration-spring.jpa.open-in-view is enabled by default. Therefore, database queries may be performed during view rendering. Explicitly configure spring.jpa.open-in-view to disable this warning
2020-08-2614:46:38.201[task-1]INFO org.hibernate.dialect.Dialect-HHH000400: Using dialect: org.hibernate.dialect.MySQL55Dialect
2020-08-2614:46:39.297[task-1]INFO o.h.e.t.jta.platform.internal.JtaPlatformInitiator-HHH000490: Using JtaPlatform implementation: [org.hibernate.engine.transaction.jta.platform.internal.NoJtaPlatform]
2020-08-2614:46:39.307[task-1]INFO o.s.orm.jpa.LocalContainerEntityManagerFactoryBean-Initialized JPA EntityManagerFactory for persistence unit 'default'
2020-08-2614:46:39.599[main]WARN o.s.c.l.c.BlockingLoadBalancerClientAutoConfiguration$BlockingLoadBalancerClientRibbonWarnLogger-You already have RibbonLoadBalancerClient on your classpath. It will be used by default. As Spring Cloud Ribbon is in maintenance mode. We recommend switching to BlockingLoadBalancerClient instead. In order to use it, set the value of `spring.cloud.loadbalancer.ribbon.enabled` to `false` or remove spring-cloud-starter-netflix-ribbon from your project.
2020-08-2614:46:39.692[main]INFO o.s.cloud.netflix.eureka.InstanceInfoFactory-Setting initial instance status as: STARTING
2020-08-2614:46:39.754[main]INFO com.netflix.discovery.DiscoveryClient-Initializing Eureka in region us-east-1
2020-08-2614:46:39.993[main]INFO c.n.discovery.provider.DiscoveryJerseyProvider-Using JSON encoding codec LegacyJacksonJson
2020-08-2614:46:39.993[main]INFO c.n.discovery.provider.DiscoveryJerseyProvider-Using JSON decoding codec LegacyJacksonJson
2020-08-2614:46:40.128[main]INFO c.n.discovery.provider.DiscoveryJerseyProvider-Using XML encoding codec XStreamXml
2020-08-2614:46:40.129[main]INFO c.n.discovery.provider.DiscoveryJerseyProvider-Using XML decoding codec XStreamXml
2020-08-2614:46:40.304[main]INFO c.n.d.shared.resolver.aws.ConfigClusterResolver-Resolving eureka endpoints via configuration
2020-08-2614:46:40.368[main]INFO com.netflix.discovery.DiscoveryClient-Disable delta property : false
2020-08-2614:46:40.370[main]INFO com.netflix.discovery.DiscoveryClient-Single vip registry refresh property : null
2020-08-2614:46:40.370[main]INFO com.netflix.discovery.DiscoveryClient-Force full registry fetch : false
2020-08-2614:46:40.370[main]INFO com.netflix.discovery.DiscoveryClient-Application is null : false
2020-08-2614:46:40.371[main]INFO com.netflix.discovery.DiscoveryClient-Registered Applications size is zero : true
2020-08-2614:46:40.371[main]INFO com.netflix.discovery.DiscoveryClient-Application version is -1: true
2020-08-2614:46:40.372[main]INFO com.netflix.discovery.DiscoveryClient-Getting all instance registry info from the eureka server
2020-08-2614:46:40.582[main]INFO com.netflix.discovery.DiscoveryClient-The response status is 200
2020-08-2614:46:40.585[main]INFO com.netflix.discovery.DiscoveryClient-Starting heartbeat executor: renew interval is: 30
2020-08-2614:46:40.588[main]INFO com.netflix.discovery.InstanceInfoReplicator-InstanceInfoReplicator onDemand update allowed rate per min is 4
2020-08-2614:46:40.593[main]INFO com.netflix.discovery.DiscoveryClient-Discovery Client initialized at timestamp 1598424400591 with initial instances count: 1
2020-08-2614:46:40.602[main]INFO o.s.c.n.e.serviceregistry.EurekaServiceRegistry-Registering application PRODUCT with eureka with status UP
2020-08-2614:46:40.602[main]INFO com.netflix.discovery.DiscoveryClient-Saw local status change event StatusChangeEvent [timestamp=1598424400602, current=UP, previous=STARTING]
2020-08-2614:46:40.605[DiscoveryClient-InstanceInfoReplicator-0]INFO com.netflix.discovery.DiscoveryClient-DiscoveryClient_PRODUCT/DESKTOP-B4REUBC:product:8081: registering service...
2020-08-2614:46:40.606[main]INFO o.s.d.r.c.DeferredRepositoryInitializationListener-Triggering deferred initialization of Spring Data repositories°≠
2020-08-2614:46:40.644[DiscoveryClient-InstanceInfoReplicator-0]INFO com.netflix.discovery.DiscoveryClient-DiscoveryClient_PRODUCT/DESKTOP-B4REUBC:product:8081 - registration status: 204
2020-08-2614:46:40.948[main]INFO o.s.d.r.c.DeferredRepositoryInitializationListener-Spring Data repositories initialized!
2020-08-2614:46:40.955[main]INFO c.l.p.s.impl.PorductInfoServiceServiceimplTest-Started PorductInfoServiceServiceimplTest in 5.815 seconds (JVM running for 6.843)
2020-08-2614:46:41.179[main]DEBUGorg.hibernate.SQL-select productinf0_.product_id as product_1_1_, productinf0_.category_type as category2_1_, productinf0_.create_time as create_t3_1_, productinf0_.product_description as product_4_1_, productinf0_.product_icon as product_5_1_, productinf0_.product_name as product_6_1_, productinf0_.product_price as product_7_1_, productinf0_.product_status as product_8_1_, productinf0_.product_stock as product_9_1_, productinf0_.update_time as update_10_1_ from product_info productinf0_ where productinf0_.product_id in (?)
2020-08-2614:46:41.202[main]TRACEorg.hibernate.type.descriptor.sql.BasicBinder-binding parameter [1] as [VARCHAR] - [164103465734242707]
2020-08-2614:46:41.278[main]DEBUGorg.hibernate.SQL-select productinf0_.product_id as product_1_1_0_, productinf0_.category_type as category2_1_0_, productinf0_.create_time as create_t3_1_0_, productinf0_.product_description as product_4_1_0_, productinf0_.product_icon as product_5_1_0_, productinf0_.product_name as product_6_1_0_, productinf0_.product_price as product_7_1_0_, productinf0_.product_status as product_8_1_0_, productinf0_.product_stock as product_9_1_0_, productinf0_.update_time as update_10_1_0_ from product_info productinf0_ where productinf0_.product_id=?
2020-08-2614:46:41.294[main]TRACEorg.hibernate.type.descriptor.sql.BasicBinder-binding parameter [1] as [VARCHAR] - [164103465734242707]
2020-08-2614:46:41.320[main]DEBUGorg.hibernate.SQL-select productinf0_.product_id as product_1_1_0_, productinf0_.category_type as category2_1_0_, productinf0_.create_time as create_t3_1_0_, productinf0_.product_description as product_4_1_0_, productinf0_.product_icon as product_5_1_0_, productinf0_.product_name as product_6_1_0_, productinf0_.product_price as product_7_1_0_, productinf0_.product_status as product_8_1_0_, productinf0_.product_stock as product_9_1_0_, productinf0_.update_time as update_10_1_0_ from product_info productinf0_ where productinf0_.product_id=?
2020-08-2614:46:41.321[main]TRACEorg.hibernate.type.descriptor.sql.BasicBinder-binding parameter [1] as [VARCHAR] - [164103465734242707]
2020-08-2614:46:41.379[main]DEBUGorg.hibernate.SQL-update product_info set category_type=?, create_time=?, product_description=?, product_icon=?, product_name=?, product_price=?, product_status=?, product_stock=?, update_time=? where product_id=?
2020-08-2614:46:41.381[main]TRACEorg.hibernate.type.descriptor.sql.BasicBinder-binding parameter [1] as [INTEGER] - [1]
2020-08-2614:46:41.387[main]TRACEorg.hibernate.type.descriptor.sql.BasicBinder-binding parameter [2] as [TIMESTAMP] - [2017-03-31 06:11:56.0]
2020-08-2614:46:41.389[main]TRACEorg.hibernate.type.descriptor.sql.BasicBinder-binding parameter [3] as [VARCHAR] - [∫√≥‘]
2020-08-2614:46:41.389[main]TRACEorg.hibernate.type.descriptor.sql.BasicBinder-binding parameter [4] as [VARCHAR] - [//fuss10.elemecdn.com/7/4a/f307f56216b03f067155aec8b124ejpeg.jpeg]
2020-08-2614:46:41.390[main]TRACEorg.hibernate.type.descriptor.sql.BasicBinder-binding parameter [5] as [VARCHAR] - [√€÷≠º¶≥·]
2020-08-2614:46:41.391[main]TRACEorg.hibernate.type.descriptor.sql.BasicBinder-binding parameter [6] as [NUMERIC] - [1.00]
2020-08-2614:46:41.393[main]TRACEorg.hibernate.type.descriptor.sql.BasicBinder-binding parameter [7] as [INTEGER] - [0]
2020-08-2614:46:41.393[main]TRACEorg.hibernate.type.descriptor.sql.BasicBinder-binding parameter [8] as [INTEGER] - [968]
2020-08-2614:46:41.393[main]TRACEorg.hibernate.type.descriptor.sql.BasicBinder-binding parameter [9] as [TIMESTAMP] - [2020-08-26 07:14:50.0]
2020-08-2614:46:41.393[main]TRACEorg.hibernate.type.descriptor.sql.BasicBinder-binding parameter [10] as [VARCHAR] - [164103465734242707]
2020-08-2614:46:41.450[main]DEBUGorg.hibernate.SQL-select productinf0_.product_id as product_1_1_0_, productinf0_.category_type as category2_1_0_, productinf0_.create_time as create_t3_1_0_, productinf0_.product_description as product_4_1_0_, productinf0_.product_icon as product_5_1_0_, productinf0_.product_name as product_6_1_0_, productinf0_.product_price as product_7_1_0_, productinf0_.product_status as product_8_1_0_, productinf0_.product_stock as product_9_1_0_, productinf0_.update_time as update_10_1_0_ from product_info productinf0_ where productinf0_.product_id=?
2020-08-2614:46:41.450[main]TRACEorg.hibernate.type.descriptor.sql.BasicBinder-binding parameter [1] as [VARCHAR] - [157875196366160022]
2020-08-2614:46:41.455[main]DEBUGorg.hibernate.SQL-select productinf0_.product_id as product_1_1_0_, productinf0_.category_type as category2_1_0_, productinf0_.create_time as create_t3_1_0_, productinf0_.product_description as product_4_1_0_, productinf0_.product_icon as product_5_1_0_, productinf0_.product_name as product_6_1_0_, productinf0_.product_price as product_7_1_0_, productinf0_.product_status as product_8_1_0_, productinf0_.product_stock as product_9_1_0_, productinf0_.update_time as update_10_1_0_ from product_info productinf0_ where productinf0_.product_id=?
2020-08-2614:46:41.456[main]TRACEorg.hibernate.type.descriptor.sql.BasicBinder-binding parameter [1] as [VARCHAR] - [157875196366160022]
2020-08-2614:46:41.460[main]DEBUGorg.hibernate.SQL-update product_info set category_type=?, create_time=?, product_description=?, product_icon=?, product_name=?, product_price=?, product_status=?, product_stock=?, update_time=? where product_id=?
2020-08-2614:46:41.460[main]TRACEorg.hibernate.type.descriptor.sql.BasicBinder-binding parameter [1] as [INTEGER] - [1]
2020-08-2614:46:41.460[main]TRACEorg.hibernate.type.descriptor.sql.BasicBinder-binding parameter [2] as [TIMESTAMP] - [2017-03-29 08:39:15.0]
2020-08-2614:46:41.460[main]TRACEorg.hibernate.type.descriptor.sql.BasicBinder-binding parameter [3] as [VARCHAR] - [∫√≥‘µƒ∆§µ∞÷‡]
2020-08-2614:46:41.460[main]TRACEorg.hibernate.type.descriptor.sql.BasicBinder-binding parameter [4] as [VARCHAR] - [//fuss10.elemecdn.com/0/49/65d10ef215d3c770ebb2b5ea962a7jpeg.jpeg]
2020-08-2614:46:41.460[main]TRACEorg.hibernate.type.descriptor.sql.BasicBinder-binding parameter [5] as [VARCHAR] - [∆§µ∞÷‡]
2020-08-2614:46:41.460[main]TRACEorg.hibernate.type.descriptor.sql.BasicBinder-binding parameter [6] as [NUMERIC] - [0.01]
2020-08-2614:46:41.461[main]TRACEorg.hibernate.type.descriptor.sql.BasicBinder-binding parameter [7] as [INTEGER] - [0]
2020-08-2614:46:41.461[main]TRACEorg.hibernate.type.descriptor.sql.BasicBinder-binding parameter [8] as [INTEGER] - [31]
2020-08-2614:46:41.461[main]TRACEorg.hibernate.type.descriptor.sql.BasicBinder-binding parameter [9] as [TIMESTAMP] - [2017-07-03 00:45:44.0]
2020-08-2614:46:41.461[main]TRACEorg.hibernate.type.descriptor.sql.BasicBinder-binding parameter [10] as [VARCHAR] - [157875196366160022]
2020-08-2614:46:41.513[SpringContextShutdownHook]INFO o.s.c.n.e.serviceregistry.EurekaServiceRegistry-Unregistering application PRODUCT with eureka with status DOWN
2020-08-2614:46:41.514[SpringContextShutdownHook]WARN com.netflix.discovery.DiscoveryClient-Saw local status change event StatusChangeEvent [timestamp=1598424401514, current=DOWN, previous=UP]
2020-08-2614:46:41.517[DiscoveryClient-InstanceInfoReplicator-0]INFO com.netflix.discovery.DiscoveryClient-DiscoveryClient_PRODUCT/DESKTOP-B4REUBC:product:8081: registering service...
2020-08-2614:46:41.520[SpringContextShutdownHook]INFO o.s.orm.jpa.LocalContainerEntityManagerFactoryBean-Closing JPA EntityManagerFactory for persistence unit 'default'
2020-08-2614:46:41.525[DiscoveryClient-InstanceInfoReplicator-0]INFO com.netflix.discovery.DiscoveryClient-DiscoveryClient_PRODUCT/DESKTOP-B4REUBC:product:8081 - registration status: 204
2020-08-2614:46:41.528[SpringContextShutdownHook]INFO o.s.scheduling.concurrent.ThreadPoolTaskExecutor-Shutting down ExecutorService 'applicationTaskExecutor'
2020-08-2614:46:41.528[SpringContextShutdownHook]INFO com.zaxxer.hikari.HikariDataSource-HikariPool-1 - Shutdown initiated...
2020-08-2614:46:41.548[SpringContextShutdownHook]INFO com.zaxxer.hikari.HikariDataSource-HikariPool-1 - Shutdown completed.
2020-08-2614:46:41.549[SpringContextShutdownHook]INFO com.netflix.discovery.DiscoveryClient-Shutting down DiscoveryClient ...
2020-08-2614:46:44.554[SpringContextShutdownHook]INFO com.netflix.discovery.DiscoveryClient-Unregistering ...
2020-08-2614:46:44.567[SpringContextShutdownHook]INFO com.netflix.discovery.DiscoveryClient-DiscoveryClient_PRODUCT/DESKTOP-B4REUBC:product:8081 - deregister  status: 200
2020-08-2614:46:44.598[SpringContextShutdownHook]INFO com.netflix.discovery.DiscoveryClient-Completed shut down of DiscoveryClient
